<?xml version="1.0" encoding="UTF-8"?>
<testsuite xmlns:xsi="http://www.w3.org/2001/XMLSchema-instance" xsi:noNamespaceSchemaLocation="https://maven.apache.org/surefire/maven-surefire-plugin/xsd/surefire-test-report-3.0.xsd" version="3.0" name="com.ecom.EcomSystemApplicationTests" time="9.116" tests="1" errors="0" skipped="0" failures="0">
  <properties>
[...]
</properties>
  <testcase name="testGenJwt" classname="com.ecom.EcomSystemApplicationTests" time="5.247">
    <system-out><![CDATA[21:11:29.210 [main] DEBUG org.springframework.test.context.BootstrapUtils - Instantiating CacheAwareContextLoaderDelegate from class [org.springframework.test.context.cache.DefaultCacheAwareContextLoaderDelegate]
21:11:29.231 [main] DEBUG org.springframework.test.context.BootstrapUtils - Instantiating BootstrapContext using constructor [public org.springframework.test.context.support.DefaultBootstrapContext(java.lang.Class,org.springframework.test.context.CacheAwareContextLoaderDelegate)]
21:11:29.317 [main] DEBUG org.springframework.test.context.BootstrapUtils - Instantiating TestContextBootstrapper for test class [com.ecom.EcomSystemApplicationTests] from class [org.springframework.boot.test.context.SpringBootTestContextBootstrapper]
21:11:29.340 [main] INFO org.springframework.boot.test.context.SpringBootTestContextBootstrapper - Neither @ContextConfiguration nor @ContextHierarchy found for test class [com.ecom.EcomSystemApplicationTests], using SpringBootContextLoader
21:11:29.351 [main] DEBUG org.springframework.test.context.support.AbstractContextLoader - Did not detect default resource location for test class [com.ecom.EcomSystemApplicationTests]: class path resource [com/ecom/EcomSystemApplicationTests-context.xml] does not exist
21:11:29.352 [main] DEBUG org.springframework.test.context.support.AbstractContextLoader - Did not detect default resource location for test class [com.ecom.EcomSystemApplicationTests]: class path resource [com/ecom/EcomSystemApplicationTestsContext.groovy] does not exist
21:11:29.352 [main] INFO org.springframework.test.context.support.AbstractContextLoader - Could not detect default resource locations for test class [com.ecom.EcomSystemApplicationTests]: no resource found for suffixes {-context.xml, Context.groovy}.
21:11:29.353 [main] INFO org.springframework.test.context.support.AnnotationConfigContextLoaderUtils - Could not detect default configuration classes for test class [com.ecom.EcomSystemApplicationTests]: EcomSystemApplicationTests does not declare any static, non-private, non-final, nested classes annotated with @Configuration.
21:11:29.418 [main] DEBUG org.springframework.test.context.support.ActiveProfilesUtils - Could not find an 'annotation declaring class' for annotation type [org.springframework.test.context.ActiveProfiles] and class [com.ecom.EcomSystemApplicationTests]
21:11:29.538 [main] DEBUG org.springframework.context.annotation.ClassPathScanningCandidateComponentProvider - Identified candidate component class: file [D:\java_learn\ecom_system\target\classes\com\ecom\EcomSystemApplication.class]
21:11:29.540 [main] INFO org.springframework.boot.test.context.SpringBootTestContextBootstrapper - Found @SpringBootConfiguration com.ecom.EcomSystemApplication for test class com.ecom.EcomSystemApplicationTests
21:11:29.724 [main] DEBUG org.springframework.boot.test.context.SpringBootTestContextBootstrapper - @TestExecutionListeners is not present for class [com.ecom.EcomSystemApplicationTests]: using defaults.
21:11:29.724 [main] INFO org.springframework.boot.test.context.SpringBootTestContextBootstrapper - Loaded default TestExecutionListener class names from location [META-INF/spring.factories]: [org.springframework.boot.test.mock.mockito.MockitoTestExecutionListener, org.springframework.boot.test.mock.mockito.ResetMocksTestExecutionListener, org.springframework.boot.test.autoconfigure.restdocs.RestDocsTestExecutionListener, org.springframework.boot.test.autoconfigure.web.client.MockRestServiceServerResetTestExecutionListener, org.springframework.boot.test.autoconfigure.web.servlet.MockMvcPrintOnlyOnFailureTestExecutionListener, org.springframework.boot.test.autoconfigure.web.servlet.WebDriverTestExecutionListener, org.springframework.boot.test.autoconfigure.webservices.client.MockWebServiceServerTestExecutionListener, org.springframework.test.context.web.ServletTestExecutionListener, org.springframework.test.context.support.DirtiesContextBeforeModesTestExecutionListener, org.springframework.test.context.event.ApplicationEventsTestExecutionListener, org.springframework.test.context.support.DependencyInjectionTestExecutionListener, org.springframework.test.context.support.DirtiesContextTestExecutionListener, org.springframework.test.context.transaction.TransactionalTestExecutionListener, org.springframework.test.context.jdbc.SqlScriptsTestExecutionListener, org.springframework.test.context.event.EventPublishingTestExecutionListener]
21:11:29.750 [main] INFO org.springframework.boot.test.context.SpringBootTestContextBootstrapper - Using TestExecutionListeners: [org.springframework.test.context.web.ServletTestExecutionListener@175957b6, org.springframework.test.context.support.DirtiesContextBeforeModesTestExecutionListener@1b7a4930, org.springframework.test.context.event.ApplicationEventsTestExecutionListener@591a4d25, org.springframework.boot.test.mock.mockito.MockitoTestExecutionListener@4bfe83d, org.springframework.boot.test.autoconfigure.SpringBootDependencyInjectionTestExecutionListener@5906ebfb, org.springframework.test.context.support.DirtiesContextTestExecutionListener@10fc1a22, org.springframework.test.context.transaction.TransactionalTestExecutionListener@1b841e7d, org.springframework.test.context.jdbc.SqlScriptsTestExecutionListener@6081f330, org.springframework.test.context.event.EventPublishingTestExecutionListener@eb695e8, org.springframework.boot.test.mock.mockito.ResetMocksTestExecutionListener@7eebb316, org.springframework.boot.test.autoconfigure.restdocs.RestDocsTestExecutionListener@45273d40, org.springframework.boot.test.autoconfigure.web.client.MockRestServiceServerResetTestExecutionListener@2a504ea7, org.springframework.boot.test.autoconfigure.web.servlet.MockMvcPrintOnlyOnFailureTestExecutionListener@10f397d0, org.springframework.boot.test.autoconfigure.web.servlet.WebDriverTestExecutionListener@33a3e5db, org.springframework.boot.test.autoconfigure.webservices.client.MockWebServiceServerTestExecutionListener@4f9213d2]
21:11:29.756 [main] DEBUG org.springframework.test.context.support.AbstractDirtiesContextTestExecutionListener - Before test class: context [DefaultTestContext@43df1377 testClass = EcomSystemApplicationTests, testInstance = [null], testMethod = [null], testException = [null], mergedContextConfiguration = [WebMergedContextConfiguration@1cee3e05 testClass = EcomSystemApplicationTests, locations = '{}', classes = '{class com.ecom.EcomSystemApplication}', contextInitializerClasses = '[]', activeProfiles = '{}', propertySourceLocations = '{}', propertySourceProperties = '{org.springframework.boot.test.context.SpringBootTestContextBootstrapper=true}', contextCustomizers = set[org.springframework.boot.test.context.filter.ExcludeFilterContextCustomizer@5c48b72c, org.springframework.boot.test.json.DuplicateJsonObjectContextCustomizerFactory$DuplicateJsonObjectContextCustomizer@552fee7a, org.springframework.boot.test.mock.mockito.MockitoContextCustomizer@0, org.springframework.boot.test.web.client.TestRestTemplateContextCustomizer@36f6e521, org.springframework.boot.test.autoconfigure.actuate.metrics.MetricsExportContextCustomizerFactory$DisableMetricExportContextCustomizer@517704, org.springframework.boot.test.autoconfigure.properties.PropertyMappingContextCustomizer@0, org.springframework.boot.test.autoconfigure.web.servlet.WebDriverContextCustomizerFactory$Customizer@74ba6ff5, org.springframework.boot.test.context.SpringBootTestArgs@1, org.springframework.boot.test.context.SpringBootTestWebEnvironment@705202d1], resourceBasePath = 'src/main/webapp', contextLoader = 'org.springframework.boot.test.context.SpringBootContextLoader', parent = [null]], attributes = map['org.springframework.test.context.web.ServletTestExecutionListener.activateListener' -> true]], class annotated with @DirtiesContext [false] with mode [null].

  .   ____          _            __ _ _
 /\\ / ___'_ __ _ _(_)_ __  __ _ \ \ \ \
( ( )\___ | '_ | '_| | '_ \/ _` | \ \ \ \
 \\/  ___)| |_)| | | | | || (_| |  ) ) ) )
  '  |____| .__|_| |_|_| |_\__, | / / / /
 =========|_|==============|___/=/_/_/_/
 :: Spring Boot ::                (v2.7.6)

2023-06-05 21:11:30.255  INFO 62592 --- [           main] com.ecom.EcomSystemApplicationTests      : Starting EcomSystemApplicationTests using Java 11.0.5 on LAPTOP-C37EHVJM with PID 62592 (started by lenovo in D:\java_learn\ecom_system)
2023-06-05 21:11:30.256  INFO 62592 --- [           main] com.ecom.EcomSystemApplicationTests      : No active profile set, falling back to 1 default profile: "default"
Logging initialized using 'class org.apache.ibatis.logging.stdout.StdOutImpl' adapter.
Property 'mapperLocations' was not specified.


,------.                           ,--.  ,--.         ,--.                         
|  .--. '  ,--,--.  ,---.   ,---.  |  '--'  |  ,---.  |  |  ,---.   ,---.  ,--.--. 
|  '--' | ' ,-.  | | .-. | | .-. : |  .--.  | | .-. : |  | | .-. | | .-. : |  .--' 
|  | --'  \ '-'  | ' '-' ' \   --. |  |  |  | \   --. |  | | '-' ' \   --. |  |    
`--'       `--`--' .`-  /   `----' `--'  `--'  `----' `--' |  |-'   `----' `--'    
                   `---'                                   `--'                        is intercepting.

2023-06-05 21:11:32.929  INFO 62592 --- [           main] com.ecom.EcomSystemApplicationTests      : Started EcomSystemApplicationTests in 3.117 seconds (JVM running for 4.863)
eyJhbGciOiJIUzI1NiJ9.eyJ1aWQiOjEsImV4cCI6MTY4NTk3NDI5MywidXNlcm5hbWUiOiJhZG1pbiJ9.d8Xq_C_6TLqleTpUtkajSsZJUykqjoKzPD5VJTRH9vI
]]></system-out>
  </testcase>
</testsuite>